<?xml version="1.0" encoding="UTF-8"?>
<testsuites name="TS001_Android_Phase1" time="96.152" tests="6" failures="2" errors="0">
   <testsuite name="TS001_Android_Phase1" tests="6" failures="2" errors="0" time="96.152" timestamp="2020-08-04 17:25:48" hostname="blezel - 192.168.1.5" id="Test Suites/TS001_Android_Phase1">
      <properties>
         <property name="deviceName" value="emulator-5554 (Android SDK built for x86_64 - Android 9)"/>
         <property name="devicePlatform" value=""/>
         <property name="logFolder" value="/Users/blezel/Katalon Studio/Todo_Application/Reports/20200804_172530/TS001_Android_Phase1/20200804_172530"/>
         <property name="logFiles" value="/Users/blezel/Katalon Studio/Todo_Application/Reports/20200804_172530/TS001_Android_Phase1/20200804_172530/execution0.log, /Users/blezel/Katalon Studio/Todo_Application/Reports/20200804_172530/TS001_Android_Phase1/20200804_172530/appium.log"/>
         <property name="attachments" value="/Users/blezel/Katalon Studio/Todo_Application/Reports/20200804_172530/TS001_Android_Phase1/20200804_172530/1596533222048.png, /Users/blezel/Katalon Studio/Todo_Application/Reports/20200804_172530/TS001_Android_Phase1/20200804_172530/1596533222465.png, /Users/blezel/Katalon Studio/Todo_Application/Reports/20200804_172530/TS001_Android_Phase1/20200804_172530/1596533235134.png, /Users/blezel/Katalon Studio/Todo_Application/Reports/20200804_172530/TS001_Android_Phase1/20200804_172530/1596533235500.png"/>
         <property name="hostName" value="blezel - 192.168.1.5"/>
         <property name="os" value="Mac OS X 64bit"/>
         <property name="appiumServerStatus" value="{\&quot;value\&quot;:{\&quot;build\&quot;:{\&quot;version\&quot;:\&quot;1.17.1\&quot;}},\&quot;sessionId\&quot;:null,\&quot;status\&quot;:0}"/>
         <property name="katalonVersion" value="7.4.0.1"/>
         <property name="deviceOS" value="Android"/>
         <property name="appiumVersion" value="1.17.1"/>
         <property name="deviceModel" value="Android SDK built for x86_64"/>
         <property name="hostAddress" value="192.168.1.5"/>
         <property name="deviceManufacturer" value="Google"/>
         <property name="deviceId" value="emulator-5554"/>
         <property name="deviceName" value="emulator-5554 (Android SDK built for x86_64 - Android 9)"/>
         <property name="deviceOSVersion" value="9"/>
      </properties>
      <testcase name="Test Cases/TS001_Case1_validSignup" time="36.798" classname="Test Cases/TS001_Case1_validSignup" status="PASSED">
         <system-out><![CDATA[2020-08-04 17:25:49 - [TEST_CASE][PASSED] - Test Cases/TS001_Case1_validSignup: Test Cases/TS001_Case1_validSignup

2020-08-04 17:25:50 - [TEST_STEP][PASSED] - comment("Story: To verify the signup function whether it will successfully register user using valid credentials"): Story: To verify the signup function whether it will successfully register user using valid credentials

2020-08-04 17:25:50 - [MESSAGE][INFO] - Story: To verify the signup function whether it will successfully register user using valid credentials

2020-08-04 17:25:50 - [TEST_STEP][PASSED] - startApplication(G_AndroidApp, false): Started app at: '/Users/blezel/Downloads/Goal_App/Android_APK/app.apk'

2020-08-04 17:25:54 - [MESSAGE][INFO] - Appium server started on port 59,397

2020-08-04 17:26:08 - [MESSAGE][PASSED] - Started app at: '/Users/blezel/Downloads/Goal_App/Android_APK/app.apk'

2020-08-04 17:26:08 - [TEST_STEP][PASSED] - verifyElementExist(findTestObject("LoginScreen/loginScreenTitleText"), 10): Element 'Object Repository/LoginScreen/loginScreenTitleText' is exist

2020-08-04 17:26:11 - [MESSAGE][PASSED] - Element 'Object Repository/LoginScreen/loginScreenTitleText' is exist

2020-08-04 17:26:11 - [TEST_STEP][PASSED] - tap(findTestObject("SignupScreen/btnToRegisterScreen"), 10): Tapped on element 'Object Repository/SignupScreen/btnToRegisterScreen'

2020-08-04 17:26:13 - [MESSAGE][PASSED] - Tapped on element 'Object Repository/SignupScreen/btnToRegisterScreen'

2020-08-04 17:26:13 - [TEST_STEP][PASSED] - tap(findTestObject("Object Repository/SignupScreen/signUpNameField"), 10): Tapped on element 'Object Repository/SignupScreen/signUpNameField'

2020-08-04 17:26:15 - [MESSAGE][PASSED] - Tapped on element 'Object Repository/SignupScreen/signUpNameField'

2020-08-04 17:26:15 - [TEST_STEP][PASSED] - driverName = getDriver(): null

2020-08-04 17:26:15 - [TEST_STEP][PASSED] - getKeyboard().sendKeys("user4"): null

2020-08-04 17:26:15 - [TEST_STEP][PASSED] - tap(findTestObject("Object Repository/SignupScreen/signUpEmailField"), 10): Tapped on element 'Object Repository/SignupScreen/signUpEmailField'

2020-08-04 17:26:17 - [MESSAGE][PASSED] - Tapped on element 'Object Repository/SignupScreen/signUpEmailField'

2020-08-04 17:26:17 - [TEST_STEP][PASSED] - driverEmail = getDriver(): null

2020-08-04 17:26:17 - [TEST_STEP][PASSED] - getKeyboard().sendKeys("user4@sample.com"): null

2020-08-04 17:26:17 - [TEST_STEP][PASSED] - tap(findTestObject("Object Repository/SignupScreen/signUpPasswordField"), 10): Tapped on element 'Object Repository/SignupScreen/signUpPasswordField'

2020-08-04 17:26:19 - [MESSAGE][PASSED] - Tapped on element 'Object Repository/SignupScreen/signUpPasswordField'

2020-08-04 17:26:19 - [TEST_STEP][PASSED] - driverPass = getDriver(): null

2020-08-04 17:26:19 - [TEST_STEP][PASSED] - getKeyboard().sendKeys("123456"): null

2020-08-04 17:26:19 - [TEST_STEP][PASSED] - tap(findTestObject("Object Repository/SignupScreen/signUpConfirmPasswordField"), 10): Tapped on element 'Object Repository/SignupScreen/signUpConfirmPasswordField'

2020-08-04 17:26:21 - [MESSAGE][PASSED] - Tapped on element 'Object Repository/SignupScreen/signUpConfirmPasswordField'

2020-08-04 17:26:21 - [TEST_STEP][PASSED] - driverPassConfirm = getDriver(): null

2020-08-04 17:26:21 - [TEST_STEP][PASSED] - getKeyboard().sendKeys("123456"): null

2020-08-04 17:26:21 - [TEST_STEP][PASSED] - tap(findTestObject("Object Repository/SignupScreen/btnToSignUp"), 10): Tapped on element 'Object Repository/SignupScreen/btnToSignUp'

2020-08-04 17:26:25 - [MESSAGE][PASSED] - Tapped on element 'Object Repository/SignupScreen/btnToSignUp'

2020-08-04 17:26:25 - [TEST_STEP][PASSED] - verifyElementExist(findTestObject("Object Repository/LoginScreen/SuccessMsgAfterSignUp"), 10): Element 'Object Repository/LoginScreen/SuccessMsgAfterSignUp' is exist

2020-08-04 17:26:25 - [MESSAGE][PASSED] - Element 'Object Repository/LoginScreen/SuccessMsgAfterSignUp' is exist

2020-08-04 17:26:25 - [TEST_STEP][PASSED] - successMsgSignup = getText(findTestObject("Object Repository/LoginScreen/SuccessMsgAfterSignUp"), 10): Text of element 'Object Repository/LoginScreen/SuccessMsgAfterSignUp' is: 'Registration successful, please log in.'

2020-08-04 17:26:26 - [MESSAGE][PASSED] - Text of element 'Object Repository/LoginScreen/SuccessMsgAfterSignUp' is: 'Registration successful, please log in.'

2020-08-04 17:26:26 - [TEST_STEP][PASSED] - verifyEqual(successMsgSignup, "Registration successful, please log in."): Actual object 'Registration successful, please log in.' and expected object 'Registration successful, please log in.' are equal

2020-08-04 17:26:26 - [MESSAGE][PASSED] - Actual object 'Registration successful, please log in.' and expected object 'Registration successful, please log in.' are equal

2020-08-04 17:26:26 - [TEST_STEP][PASSED] - comment(successMsgSignup): Registration successful, please log in.

2020-08-04 17:26:26 - [MESSAGE][INFO] - Registration successful, please log in.]]></system-out>
         <system-err><![CDATA[]]></system-err>
      </testcase>
      <testcase name="Test Cases/TS001_Case2_validSignIn" time="6.604" classname="Test Cases/TS001_Case2_validSignIn" status="PASSED">
         <system-out><![CDATA[2020-08-04 17:26:26 - [TEST_CASE][PASSED] - Test Cases/TS001_Case2_validSignIn: Test Cases/TS001_Case2_validSignIn

2020-08-04 17:26:26 - [TEST_STEP][PASSED] - comment("Story: To verify the signin function whether it will successfully log in the user using valid credentials"): Story: To verify the signin function whether it will successfully log in the user using valid credentials

2020-08-04 17:26:26 - [MESSAGE][INFO] - Story: To verify the signin function whether it will successfully log in the user using valid credentials

2020-08-04 17:26:26 - [TEST_STEP][PASSED] - tap(findTestObject("Object Repository/LoginScreen/signInEmailField"), 10): Tapped on element 'Object Repository/LoginScreen/signInEmailField'

2020-08-04 17:26:28 - [MESSAGE][PASSED] - Tapped on element 'Object Repository/LoginScreen/signInEmailField'

2020-08-04 17:26:28 - [TEST_STEP][PASSED] - driverLoginEmail = getDriver(): null

2020-08-04 17:26:28 - [TEST_STEP][PASSED] - getKeyboard().sendKeys("user4@sample.com"): null

2020-08-04 17:26:28 - [TEST_STEP][PASSED] - tap(findTestObject("Object Repository/LoginScreen/signInPasswordField"), 10): Tapped on element 'Object Repository/LoginScreen/signInPasswordField'

2020-08-04 17:26:30 - [MESSAGE][PASSED] - Tapped on element 'Object Repository/LoginScreen/signInPasswordField'

2020-08-04 17:26:30 - [TEST_STEP][PASSED] - driverLoginPass = getDriver(): null

2020-08-04 17:26:30 - [TEST_STEP][PASSED] - getKeyboard().sendKeys("123456"): null

2020-08-04 17:26:30 - [TEST_STEP][PASSED] - tap(findTestObject("Object Repository/LoginScreen/btnToSignIn"), 10): Tapped on element 'Object Repository/LoginScreen/btnToSignIn'

2020-08-04 17:26:32 - [MESSAGE][PASSED] - Tapped on element 'Object Repository/LoginScreen/btnToSignIn'

2020-08-04 17:26:32 - [TEST_STEP][PASSED] - comment("Successfully login"): Successfully login

2020-08-04 17:26:32 - [MESSAGE][INFO] - Successfully login]]></system-out>
         <system-err><![CDATA[]]></system-err>
      </testcase>
      <testcase name="Test Cases/TS001_Case3_createNewTodo" time="18.273" classname="Test Cases/TS001_Case3_createNewTodo" status="PASSED">
         <system-out><![CDATA[2020-08-04 17:26:32 - [TEST_CASE][PASSED] - Test Cases/TS001_Case3_createNewTodo: Test Cases/TS001_Case3_createNewTodo

2020-08-04 17:26:33 - [TEST_STEP][PASSED] - comment("Story: To verify the create function for the ToDo App "): Story: To verify the create function for the ToDo App 

2020-08-04 17:26:33 - [MESSAGE][INFO] - Story: To verify the create function for the ToDo App 

2020-08-04 17:26:33 - [TEST_STEP][PASSED] - verifyElementExist(findTestObject("Object Repository/TodoList/todoListScreenTitle"), 10): Element 'Object Repository/TodoList/todoListScreenTitle' is exist

2020-08-04 17:26:34 - [MESSAGE][PASSED] - Element 'Object Repository/TodoList/todoListScreenTitle' is exist

2020-08-04 17:26:34 - [TEST_STEP][PASSED] - delay(5): Delayed 5 second(s)

2020-08-04 17:26:39 - [MESSAGE][PASSED] - Delayed 5 second(s)

2020-08-04 17:26:39 - [TEST_STEP][PASSED] - tap(findTestObject("Object Repository/TodoList/btnToAddTodo"), 10): Tapped on element 'Object Repository/TodoList/btnToAddTodo'

2020-08-04 17:26:39 - [MESSAGE][PASSED] - Tapped on element 'Object Repository/TodoList/btnToAddTodo'

2020-08-04 17:26:39 - [TEST_STEP][PASSED] - verifyElementExist(findTestObject("Object Repository/TodoList/newTodoField"), 10): Element 'Object Repository/TodoList/newTodoField' is exist

2020-08-04 17:26:40 - [MESSAGE][PASSED] - Element 'Object Repository/TodoList/newTodoField' is exist

2020-08-04 17:26:40 - [TEST_STEP][PASSED] - tap(findTestObject("Object Repository/TodoList/newTodoField"), 10): Tapped on element 'Object Repository/TodoList/newTodoField'

2020-08-04 17:26:42 - [MESSAGE][PASSED] - Tapped on element 'Object Repository/TodoList/newTodoField'

2020-08-04 17:26:42 - [TEST_STEP][PASSED] - driverNewTodo = getDriver(): null

2020-08-04 17:26:42 - [TEST_STEP][PASSED] - getKeyboard().sendKeys("Tasks01"): null

2020-08-04 17:26:42 - [TEST_STEP][PASSED] - hideKeyboard(): Keyboard is hidden

2020-08-04 17:26:43 - [MESSAGE][PASSED] - Keyboard is hidden

2020-08-04 17:26:43 - [TEST_STEP][PASSED] - tap(findTestObject("Object Repository/TodoList/btnToSaveTodo"), 0): Tapped on element 'Object Repository/TodoList/btnToSaveTodo'

2020-08-04 17:26:43 - [MESSAGE][WARNING] - Timeout '0' is invalid. Using default page load timeout: '30'

2020-08-04 17:26:45 - [MESSAGE][PASSED] - Tapped on element 'Object Repository/TodoList/btnToSaveTodo'

2020-08-04 17:26:45 - [TEST_STEP][PASSED] - delay(5): Delayed 5 second(s)

2020-08-04 17:26:50 - [MESSAGE][PASSED] - Delayed 5 second(s)

2020-08-04 17:26:50 - [TEST_STEP][PASSED] - comment("Successfully create a new task"): Successfully create a new task

2020-08-04 17:26:50 - [MESSAGE][INFO] - Successfully create a new task]]></system-out>
         <system-err><![CDATA[]]></system-err>
      </testcase>
      <testcase name="Test Cases/TS001_Case4_closeTask" time="11.856" classname="Test Cases/TS001_Case4_closeTask" status="FAILED">
         <failure type="FAILED" message="Test Cases/TS001_Case4_closeTask FAILED.
Reason:
com.kms.katalon.core.exception.StepFailedException: Object Object Repository/TodoList/doneTodo not found
	at com.kms.katalon.core.keyword.internal.KeywordMain.stepFailed(KeywordMain.groovy:50)
	at com.kms.katalon.core.mobile.keyword.internal.MobileKeywordMain.stepFailed(MobileKeywordMain.groovy:40)
	at com.kms.katalon.core.mobile.keyword.builtin.TapKeyword$_tap_closure1.doCall(TapKeyword.groovy:79)
	at com.kms.katalon.core.mobile.keyword.builtin.TapKeyword$_tap_closure1.call(TapKeyword.groovy)
	at com.kms.katalon.core.mobile.keyword.internal.MobileKeywordMain.runKeyword(MobileKeywordMain.groovy:21)
	at com.kms.katalon.core.mobile.keyword.builtin.TapKeyword.tap(TapKeyword.groovy:86)
	at com.kms.katalon.core.mobile.keyword.builtin.TapKeyword.execute(TapKeyword.groovy:68)
	at com.kms.katalon.core.keyword.internal.KeywordExecutor.executeKeywordForPlatform(KeywordExecutor.groovy:72)
	at com.kms.katalon.core.mobile.keyword.MobileBuiltInKeywords.tap(MobileBuiltInKeywords.groovy:577)
	at com.kms.katalon.core.mobile.keyword.MobileBuiltInKeywords$tap$1.call(Unknown Source)
	at TS001_Case4_closeTask.run(TS001_Case4_closeTask:30)
	at com.kms.katalon.core.main.ScriptEngine.run(ScriptEngine.java:194)
	at com.kms.katalon.core.main.ScriptEngine.runScriptAsRawText(ScriptEngine.java:119)
	at com.kms.katalon.core.main.TestCaseExecutor.runScript(TestCaseExecutor.java:337)
	at com.kms.katalon.core.main.TestCaseExecutor.doExecute(TestCaseExecutor.java:328)
	at com.kms.katalon.core.main.TestCaseExecutor.processExecutionPhase(TestCaseExecutor.java:307)
	at com.kms.katalon.core.main.TestCaseExecutor.accessMainPhase(TestCaseExecutor.java:299)
	at com.kms.katalon.core.main.TestCaseExecutor.execute(TestCaseExecutor.java:233)
	at com.kms.katalon.core.main.TestSuiteExecutor.accessTestCaseMainPhase(TestSuiteExecutor.java:169)
	at com.kms.katalon.core.main.TestSuiteExecutor.accessTestSuiteMainPhase(TestSuiteExecutor.java:142)
	at com.kms.katalon.core.main.TestSuiteExecutor.execute(TestSuiteExecutor.java:91)
	at com.kms.katalon.core.main.TestCaseMain.startTestSuite(TestCaseMain.java:157)
	at com.kms.katalon.core.main.TestCaseMain$startTestSuite$0.call(Unknown Source)
	at TempTestSuite1596533140721.run(TempTestSuite1596533140721.groovy:37)
"/>
         <system-out><![CDATA[2020-08-04 17:26:51 - [TEST_CASE][FAILED] - Test Cases/TS001_Case4_closeTask: Test Cases/TS001_Case4_closeTask FAILED.
Reason:
com.kms.katalon.core.exception.StepFailedException: Object Object Repository/TodoList/doneTodo not found
	at com.kms.katalon.core.keyword.internal.KeywordMain.stepFailed(KeywordMain.groovy:50)
	at com.kms.katalon.core.mobile.keyword.internal.MobileKeywordMain.stepFailed(MobileKeywordMain.groovy:40)
	at com.kms.katalon.core.mobile.keyword.builtin.TapKeyword$_tap_closure1.doCall(TapKeyword.groovy:79)
	at com.kms.katalon.core.mobile.keyword.builtin.TapKeyword$_tap_closure1.call(TapKeyword.groovy)
	at com.kms.katalon.core.mobile.keyword.internal.MobileKeywordMain.runKeyword(MobileKeywordMain.groovy:21)
	at com.kms.katalon.core.mobile.keyword.builtin.TapKeyword.tap(TapKeyword.groovy:86)
	at com.kms.katalon.core.mobile.keyword.builtin.TapKeyword.execute(TapKeyword.groovy:68)
	at com.kms.katalon.core.keyword.internal.KeywordExecutor.executeKeywordForPlatform(KeywordExecutor.groovy:72)
	at com.kms.katalon.core.mobile.keyword.MobileBuiltInKeywords.tap(MobileBuiltInKeywords.groovy:577)
	at com.kms.katalon.core.mobile.keyword.MobileBuiltInKeywords$tap$1.call(Unknown Source)
	at TS001_Case4_closeTask.run(TS001_Case4_closeTask:30)
	at com.kms.katalon.core.main.ScriptEngine.run(ScriptEngine.java:194)
	at com.kms.katalon.core.main.ScriptEngine.runScriptAsRawText(ScriptEngine.java:119)
	at com.kms.katalon.core.main.TestCaseExecutor.runScript(TestCaseExecutor.java:337)
	at com.kms.katalon.core.main.TestCaseExecutor.doExecute(TestCaseExecutor.java:328)
	at com.kms.katalon.core.main.TestCaseExecutor.processExecutionPhase(TestCaseExecutor.java:307)
	at com.kms.katalon.core.main.TestCaseExecutor.accessMainPhase(TestCaseExecutor.java:299)
	at com.kms.katalon.core.main.TestCaseExecutor.execute(TestCaseExecutor.java:233)
	at com.kms.katalon.core.main.TestSuiteExecutor.accessTestCaseMainPhase(TestSuiteExecutor.java:169)
	at com.kms.katalon.core.main.TestSuiteExecutor.accessTestSuiteMainPhase(TestSuiteExecutor.java:142)
	at com.kms.katalon.core.main.TestSuiteExecutor.execute(TestSuiteExecutor.java:91)
	at com.kms.katalon.core.main.TestCaseMain.startTestSuite(TestCaseMain.java:157)
	at com.kms.katalon.core.main.TestCaseMain$startTestSuite$0.call(Unknown Source)
	at TempTestSuite1596533140721.run(TempTestSuite1596533140721.groovy:37)


2020-08-04 17:26:51 - [TEST_STEP][PASSED] - comment("Story: To verify the closing of tasks function"): Story: To verify the closing of tasks function

2020-08-04 17:26:51 - [MESSAGE][INFO] - Story: To verify the closing of tasks function

2020-08-04 17:26:51 - [TEST_STEP][PASSED] - verifyElementExist(findTestObject("Object Repository/TodoList/todoListScreenTitle"), 10): Element 'Object Repository/TodoList/todoListScreenTitle' is exist

2020-08-04 17:26:51 - [MESSAGE][PASSED] - Element 'Object Repository/TodoList/todoListScreenTitle' is exist

2020-08-04 17:26:51 - [TEST_STEP][FAILED] - tap(findTestObject("Object Repository/TodoList/doneTodo"), 10): Failed to tap on element 'Object Repository/TodoList/doneTodo' (Root cause: com.kms.katalon.core.exception.StepFailedException: Object Object Repository/TodoList/doneTodo not found
	at com.kms.katalon.core.keyword.internal.KeywordMain.stepFailed(KeywordMain.groovy:50)
	at com.kms.katalon.core.mobile.keyword.internal.MobileKeywordMain.stepFailed(MobileKeywordMain.groovy:40)
	at com.kms.katalon.core.mobile.keyword.builtin.TapKeyword$_tap_closure1.doCall(TapKeyword.groovy:79)
	at com.kms.katalon.core.mobile.keyword.builtin.TapKeyword$_tap_closure1.call(TapKeyword.groovy)
	at com.kms.katalon.core.mobile.keyword.internal.MobileKeywordMain.runKeyword(MobileKeywordMain.groovy:21)
	at com.kms.katalon.core.mobile.keyword.builtin.TapKeyword.tap(TapKeyword.groovy:86)
	at com.kms.katalon.core.mobile.keyword.builtin.TapKeyword.execute(TapKeyword.groovy:68)
	at com.kms.katalon.core.keyword.internal.KeywordExecutor.executeKeywordForPlatform(KeywordExecutor.groovy:72)
	at com.kms.katalon.core.mobile.keyword.MobileBuiltInKeywords.tap(MobileBuiltInKeywords.groovy:577)
	at com.kms.katalon.core.mobile.keyword.MobileBuiltInKeywords$tap$1.call(Unknown Source)
	at TS001_Case4_closeTask.run(TS001_Case4_closeTask:30)
	at com.kms.katalon.core.main.ScriptEngine.run(ScriptEngine.java:194)
	at com.kms.katalon.core.main.ScriptEngine.runScriptAsRawText(ScriptEngine.java:119)
	at com.kms.katalon.core.main.TestCaseExecutor.runScript(TestCaseExecutor.java:337)
	at com.kms.katalon.core.main.TestCaseExecutor.doExecute(TestCaseExecutor.java:328)
	at com.kms.katalon.core.main.TestCaseExecutor.processExecutionPhase(TestCaseExecutor.java:307)
	at com.kms.katalon.core.main.TestCaseExecutor.accessMainPhase(TestCaseExecutor.java:299)
	at com.kms.katalon.core.main.TestCaseExecutor.execute(TestCaseExecutor.java:233)
	at com.kms.katalon.core.main.TestSuiteExecutor.accessTestCaseMainPhase(TestSuiteExecutor.java:169)
	at com.kms.katalon.core.main.TestSuiteExecutor.accessTestSuiteMainPhase(TestSuiteExecutor.java:142)
	at com.kms.katalon.core.main.TestSuiteExecutor.execute(TestSuiteExecutor.java:91)
	at com.kms.katalon.core.main.TestCaseMain.startTestSuite(TestCaseMain.java:157)
	at com.kms.katalon.core.main.TestCaseMain$startTestSuite$0.call(Unknown Source)
	at TempTestSuite1596533140721.run(TempTestSuite1596533140721.groovy:37)
)

2020-08-04 17:27:02 - [MESSAGE][FAILED] - Object Object Repository/TodoList/doneTodo not found
[[ATTACHMENT|/Users/blezel/Katalon Studio/Todo_Application/Reports/20200804_172530/TS001_Android_Phase1/20200804_172530/1596533222048.png]]

2020-08-04 17:27:02 - [MESSAGE][FAILED] - Failed to tap on element 'Object Repository/TodoList/doneTodo' (Root cause: com.kms.katalon.core.exception.StepFailedException: Object Object Repository/TodoList/doneTodo not found
	at com.kms.katalon.core.keyword.internal.KeywordMain.stepFailed(KeywordMain.groovy:50)
	at com.kms.katalon.core.mobile.keyword.internal.MobileKeywordMain.stepFailed(MobileKeywordMain.groovy:40)
	at com.kms.katalon.core.mobile.keyword.builtin.TapKeyword$_tap_closure1.doCall(TapKeyword.groovy:79)
	at com.kms.katalon.core.mobile.keyword.builtin.TapKeyword$_tap_closure1.call(TapKeyword.groovy)
	at com.kms.katalon.core.mobile.keyword.internal.MobileKeywordMain.runKeyword(MobileKeywordMain.groovy:21)
	at com.kms.katalon.core.mobile.keyword.builtin.TapKeyword.tap(TapKeyword.groovy:86)
	at com.kms.katalon.core.mobile.keyword.builtin.TapKeyword.execute(TapKeyword.groovy:68)
	at com.kms.katalon.core.keyword.internal.KeywordExecutor.executeKeywordForPlatform(KeywordExecutor.groovy:72)
	at com.kms.katalon.core.mobile.keyword.MobileBuiltInKeywords.tap(MobileBuiltInKeywords.groovy:577)
	at com.kms.katalon.core.mobile.keyword.MobileBuiltInKeywords$tap$1.call(Unknown Source)
	at TS001_Case4_closeTask.run(TS001_Case4_closeTask:30)
	at com.kms.katalon.core.main.ScriptEngine.run(ScriptEngine.java:194)
	at com.kms.katalon.core.main.ScriptEngine.runScriptAsRawText(ScriptEngine.java:119)
	at com.kms.katalon.core.main.TestCaseExecutor.runScript(TestCaseExecutor.java:337)
	at com.kms.katalon.core.main.TestCaseExecutor.doExecute(TestCaseExecutor.java:328)
	at com.kms.katalon.core.main.TestCaseExecutor.processExecutionPhase(TestCaseExecutor.java:307)
	at com.kms.katalon.core.main.TestCaseExecutor.accessMainPhase(TestCaseExecutor.java:299)
	at com.kms.katalon.core.main.TestCaseExecutor.execute(TestCaseExecutor.java:233)
	at com.kms.katalon.core.main.TestSuiteExecutor.accessTestCaseMainPhase(TestSuiteExecutor.java:169)
	at com.kms.katalon.core.main.TestSuiteExecutor.accessTestSuiteMainPhase(TestSuiteExecutor.java:142)
	at com.kms.katalon.core.main.TestSuiteExecutor.execute(TestSuiteExecutor.java:91)
	at com.kms.katalon.core.main.TestCaseMain.startTestSuite(TestCaseMain.java:157)
	at com.kms.katalon.core.main.TestCaseMain$startTestSuite$0.call(Unknown Source)
	at TempTestSuite1596533140721.run(TempTestSuite1596533140721.groovy:37)
)
[[ATTACHMENT|/Users/blezel/Katalon Studio/Todo_Application/Reports/20200804_172530/TS001_Android_Phase1/20200804_172530/1596533222465.png]]]]></system-out>
         <system-err><![CDATA[2020-08-04 17:26:51 - [TEST_CASE][FAILED] - Test Cases/TS001_Case4_closeTask: Test Cases/TS001_Case4_closeTask FAILED.
Reason:
com.kms.katalon.core.exception.StepFailedException: Object Object Repository/TodoList/doneTodo not found
	at com.kms.katalon.core.keyword.internal.KeywordMain.stepFailed(KeywordMain.groovy:50)
	at com.kms.katalon.core.mobile.keyword.internal.MobileKeywordMain.stepFailed(MobileKeywordMain.groovy:40)
	at com.kms.katalon.core.mobile.keyword.builtin.TapKeyword$_tap_closure1.doCall(TapKeyword.groovy:79)
	at com.kms.katalon.core.mobile.keyword.builtin.TapKeyword$_tap_closure1.call(TapKeyword.groovy)
	at com.kms.katalon.core.mobile.keyword.internal.MobileKeywordMain.runKeyword(MobileKeywordMain.groovy:21)
	at com.kms.katalon.core.mobile.keyword.builtin.TapKeyword.tap(TapKeyword.groovy:86)
	at com.kms.katalon.core.mobile.keyword.builtin.TapKeyword.execute(TapKeyword.groovy:68)
	at com.kms.katalon.core.keyword.internal.KeywordExecutor.executeKeywordForPlatform(KeywordExecutor.groovy:72)
	at com.kms.katalon.core.mobile.keyword.MobileBuiltInKeywords.tap(MobileBuiltInKeywords.groovy:577)
	at com.kms.katalon.core.mobile.keyword.MobileBuiltInKeywords$tap$1.call(Unknown Source)
	at TS001_Case4_closeTask.run(TS001_Case4_closeTask:30)
	at com.kms.katalon.core.main.ScriptEngine.run(ScriptEngine.java:194)
	at com.kms.katalon.core.main.ScriptEngine.runScriptAsRawText(ScriptEngine.java:119)
	at com.kms.katalon.core.main.TestCaseExecutor.runScript(TestCaseExecutor.java:337)
	at com.kms.katalon.core.main.TestCaseExecutor.doExecute(TestCaseExecutor.java:328)
	at com.kms.katalon.core.main.TestCaseExecutor.processExecutionPhase(TestCaseExecutor.java:307)
	at com.kms.katalon.core.main.TestCaseExecutor.accessMainPhase(TestCaseExecutor.java:299)
	at com.kms.katalon.core.main.TestCaseExecutor.execute(TestCaseExecutor.java:233)
	at com.kms.katalon.core.main.TestSuiteExecutor.accessTestCaseMainPhase(TestSuiteExecutor.java:169)
	at com.kms.katalon.core.main.TestSuiteExecutor.accessTestSuiteMainPhase(TestSuiteExecutor.java:142)
	at com.kms.katalon.core.main.TestSuiteExecutor.execute(TestSuiteExecutor.java:91)
	at com.kms.katalon.core.main.TestCaseMain.startTestSuite(TestCaseMain.java:157)
	at com.kms.katalon.core.main.TestCaseMain$startTestSuite$0.call(Unknown Source)
	at TempTestSuite1596533140721.run(TempTestSuite1596533140721.groovy:37)]]></system-err>
      </testcase>
      <testcase name="Test Cases/TS001_Case5_openDoneTask" time="12.988" classname="Test Cases/TS001_Case5_openDoneTask" status="FAILED">
         <failure type="FAILED" message="Test Cases/TS001_Case5_openDoneTask FAILED.
Reason:
com.kms.katalon.core.exception.StepFailedException: Object Object Repository/TodoList/doneTodoinDoneTab not found
	at com.kms.katalon.core.keyword.internal.KeywordMain.stepFailed(KeywordMain.groovy:50)
	at com.kms.katalon.core.mobile.keyword.internal.MobileKeywordMain.stepFailed(MobileKeywordMain.groovy:40)
	at com.kms.katalon.core.mobile.keyword.builtin.TapKeyword$_tap_closure1.doCall(TapKeyword.groovy:79)
	at com.kms.katalon.core.mobile.keyword.builtin.TapKeyword$_tap_closure1.call(TapKeyword.groovy)
	at com.kms.katalon.core.mobile.keyword.internal.MobileKeywordMain.runKeyword(MobileKeywordMain.groovy:21)
	at com.kms.katalon.core.mobile.keyword.builtin.TapKeyword.tap(TapKeyword.groovy:86)
	at com.kms.katalon.core.mobile.keyword.builtin.TapKeyword.execute(TapKeyword.groovy:68)
	at com.kms.katalon.core.keyword.internal.KeywordExecutor.executeKeywordForPlatform(KeywordExecutor.groovy:72)
	at com.kms.katalon.core.mobile.keyword.MobileBuiltInKeywords.tap(MobileBuiltInKeywords.groovy:577)
	at com.kms.katalon.core.mobile.keyword.MobileBuiltInKeywords$tap$1.call(Unknown Source)
	at TS001_Case5_openDoneTask.run(TS001_Case5_openDoneTask:31)
	at com.kms.katalon.core.main.ScriptEngine.run(ScriptEngine.java:194)
	at com.kms.katalon.core.main.ScriptEngine.runScriptAsRawText(ScriptEngine.java:119)
	at com.kms.katalon.core.main.TestCaseExecutor.runScript(TestCaseExecutor.java:337)
	at com.kms.katalon.core.main.TestCaseExecutor.doExecute(TestCaseExecutor.java:328)
	at com.kms.katalon.core.main.TestCaseExecutor.processExecutionPhase(TestCaseExecutor.java:307)
	at com.kms.katalon.core.main.TestCaseExecutor.accessMainPhase(TestCaseExecutor.java:299)
	at com.kms.katalon.core.main.TestCaseExecutor.execute(TestCaseExecutor.java:233)
	at com.kms.katalon.core.main.TestSuiteExecutor.accessTestCaseMainPhase(TestSuiteExecutor.java:169)
	at com.kms.katalon.core.main.TestSuiteExecutor.accessTestSuiteMainPhase(TestSuiteExecutor.java:142)
	at com.kms.katalon.core.main.TestSuiteExecutor.execute(TestSuiteExecutor.java:91)
	at com.kms.katalon.core.main.TestCaseMain.startTestSuite(TestCaseMain.java:157)
	at com.kms.katalon.core.main.TestCaseMain$startTestSuite$0.call(Unknown Source)
	at TempTestSuite1596533140721.run(TempTestSuite1596533140721.groovy:37)
"/>
         <system-out><![CDATA[2020-08-04 17:27:02 - [TEST_CASE][FAILED] - Test Cases/TS001_Case5_openDoneTask: Test Cases/TS001_Case5_openDoneTask FAILED.
Reason:
com.kms.katalon.core.exception.StepFailedException: Object Object Repository/TodoList/doneTodoinDoneTab not found
	at com.kms.katalon.core.keyword.internal.KeywordMain.stepFailed(KeywordMain.groovy:50)
	at com.kms.katalon.core.mobile.keyword.internal.MobileKeywordMain.stepFailed(MobileKeywordMain.groovy:40)
	at com.kms.katalon.core.mobile.keyword.builtin.TapKeyword$_tap_closure1.doCall(TapKeyword.groovy:79)
	at com.kms.katalon.core.mobile.keyword.builtin.TapKeyword$_tap_closure1.call(TapKeyword.groovy)
	at com.kms.katalon.core.mobile.keyword.internal.MobileKeywordMain.runKeyword(MobileKeywordMain.groovy:21)
	at com.kms.katalon.core.mobile.keyword.builtin.TapKeyword.tap(TapKeyword.groovy:86)
	at com.kms.katalon.core.mobile.keyword.builtin.TapKeyword.execute(TapKeyword.groovy:68)
	at com.kms.katalon.core.keyword.internal.KeywordExecutor.executeKeywordForPlatform(KeywordExecutor.groovy:72)
	at com.kms.katalon.core.mobile.keyword.MobileBuiltInKeywords.tap(MobileBuiltInKeywords.groovy:577)
	at com.kms.katalon.core.mobile.keyword.MobileBuiltInKeywords$tap$1.call(Unknown Source)
	at TS001_Case5_openDoneTask.run(TS001_Case5_openDoneTask:31)
	at com.kms.katalon.core.main.ScriptEngine.run(ScriptEngine.java:194)
	at com.kms.katalon.core.main.ScriptEngine.runScriptAsRawText(ScriptEngine.java:119)
	at com.kms.katalon.core.main.TestCaseExecutor.runScript(TestCaseExecutor.java:337)
	at com.kms.katalon.core.main.TestCaseExecutor.doExecute(TestCaseExecutor.java:328)
	at com.kms.katalon.core.main.TestCaseExecutor.processExecutionPhase(TestCaseExecutor.java:307)
	at com.kms.katalon.core.main.TestCaseExecutor.accessMainPhase(TestCaseExecutor.java:299)
	at com.kms.katalon.core.main.TestCaseExecutor.execute(TestCaseExecutor.java:233)
	at com.kms.katalon.core.main.TestSuiteExecutor.accessTestCaseMainPhase(TestSuiteExecutor.java:169)
	at com.kms.katalon.core.main.TestSuiteExecutor.accessTestSuiteMainPhase(TestSuiteExecutor.java:142)
	at com.kms.katalon.core.main.TestSuiteExecutor.execute(TestSuiteExecutor.java:91)
	at com.kms.katalon.core.main.TestCaseMain.startTestSuite(TestCaseMain.java:157)
	at com.kms.katalon.core.main.TestCaseMain$startTestSuite$0.call(Unknown Source)
	at TempTestSuite1596533140721.run(TempTestSuite1596533140721.groovy:37)


2020-08-04 17:27:03 - [TEST_STEP][PASSED] - comment("Story: To verify re-opsning the done tasks function"): Story: To verify re-opsning the done tasks function

2020-08-04 17:27:03 - [MESSAGE][INFO] - Story: To verify re-opsning the done tasks function

2020-08-04 17:27:03 - [TEST_STEP][PASSED] - verifyElementExist(findTestObject("Object Repository/TodoList/todoListScreenTitle"), 10): Element 'Object Repository/TodoList/todoListScreenTitle' is exist

2020-08-04 17:27:03 - [MESSAGE][PASSED] - Element 'Object Repository/TodoList/todoListScreenTitle' is exist

2020-08-04 17:27:03 - [TEST_STEP][PASSED] - tap(findTestObject("Object Repository/TodoList/tabforDoneTodo"), 10): Tapped on element 'Object Repository/TodoList/tabforDoneTodo'

2020-08-04 17:27:04 - [MESSAGE][PASSED] - Tapped on element 'Object Repository/TodoList/tabforDoneTodo'

2020-08-04 17:27:04 - [TEST_STEP][FAILED] - tap(findTestObject("Object Repository/TodoList/doneTodoinDoneTab"), 10): Failed to tap on element 'Object Repository/TodoList/doneTodoinDoneTab' (Root cause: com.kms.katalon.core.exception.StepFailedException: Object Object Repository/TodoList/doneTodoinDoneTab not found
	at com.kms.katalon.core.keyword.internal.KeywordMain.stepFailed(KeywordMain.groovy:50)
	at com.kms.katalon.core.mobile.keyword.internal.MobileKeywordMain.stepFailed(MobileKeywordMain.groovy:40)
	at com.kms.katalon.core.mobile.keyword.builtin.TapKeyword$_tap_closure1.doCall(TapKeyword.groovy:79)
	at com.kms.katalon.core.mobile.keyword.builtin.TapKeyword$_tap_closure1.call(TapKeyword.groovy)
	at com.kms.katalon.core.mobile.keyword.internal.MobileKeywordMain.runKeyword(MobileKeywordMain.groovy:21)
	at com.kms.katalon.core.mobile.keyword.builtin.TapKeyword.tap(TapKeyword.groovy:86)
	at com.kms.katalon.core.mobile.keyword.builtin.TapKeyword.execute(TapKeyword.groovy:68)
	at com.kms.katalon.core.keyword.internal.KeywordExecutor.executeKeywordForPlatform(KeywordExecutor.groovy:72)
	at com.kms.katalon.core.mobile.keyword.MobileBuiltInKeywords.tap(MobileBuiltInKeywords.groovy:577)
	at com.kms.katalon.core.mobile.keyword.MobileBuiltInKeywords$tap$1.call(Unknown Source)
	at TS001_Case5_openDoneTask.run(TS001_Case5_openDoneTask:31)
	at com.kms.katalon.core.main.ScriptEngine.run(ScriptEngine.java:194)
	at com.kms.katalon.core.main.ScriptEngine.runScriptAsRawText(ScriptEngine.java:119)
	at com.kms.katalon.core.main.TestCaseExecutor.runScript(TestCaseExecutor.java:337)
	at com.kms.katalon.core.main.TestCaseExecutor.doExecute(TestCaseExecutor.java:328)
	at com.kms.katalon.core.main.TestCaseExecutor.processExecutionPhase(TestCaseExecutor.java:307)
	at com.kms.katalon.core.main.TestCaseExecutor.accessMainPhase(TestCaseExecutor.java:299)
	at com.kms.katalon.core.main.TestCaseExecutor.execute(TestCaseExecutor.java:233)
	at com.kms.katalon.core.main.TestSuiteExecutor.accessTestCaseMainPhase(TestSuiteExecutor.java:169)
	at com.kms.katalon.core.main.TestSuiteExecutor.accessTestSuiteMainPhase(TestSuiteExecutor.java:142)
	at com.kms.katalon.core.main.TestSuiteExecutor.execute(TestSuiteExecutor.java:91)
	at com.kms.katalon.core.main.TestCaseMain.startTestSuite(TestCaseMain.java:157)
	at com.kms.katalon.core.main.TestCaseMain$startTestSuite$0.call(Unknown Source)
	at TempTestSuite1596533140721.run(TempTestSuite1596533140721.groovy:37)
)

2020-08-04 17:27:15 - [MESSAGE][FAILED] - Object Object Repository/TodoList/doneTodoinDoneTab not found
[[ATTACHMENT|/Users/blezel/Katalon Studio/Todo_Application/Reports/20200804_172530/TS001_Android_Phase1/20200804_172530/1596533235134.png]]

2020-08-04 17:27:15 - [MESSAGE][FAILED] - Failed to tap on element 'Object Repository/TodoList/doneTodoinDoneTab' (Root cause: com.kms.katalon.core.exception.StepFailedException: Object Object Repository/TodoList/doneTodoinDoneTab not found
	at com.kms.katalon.core.keyword.internal.KeywordMain.stepFailed(KeywordMain.groovy:50)
	at com.kms.katalon.core.mobile.keyword.internal.MobileKeywordMain.stepFailed(MobileKeywordMain.groovy:40)
	at com.kms.katalon.core.mobile.keyword.builtin.TapKeyword$_tap_closure1.doCall(TapKeyword.groovy:79)
	at com.kms.katalon.core.mobile.keyword.builtin.TapKeyword$_tap_closure1.call(TapKeyword.groovy)
	at com.kms.katalon.core.mobile.keyword.internal.MobileKeywordMain.runKeyword(MobileKeywordMain.groovy:21)
	at com.kms.katalon.core.mobile.keyword.builtin.TapKeyword.tap(TapKeyword.groovy:86)
	at com.kms.katalon.core.mobile.keyword.builtin.TapKeyword.execute(TapKeyword.groovy:68)
	at com.kms.katalon.core.keyword.internal.KeywordExecutor.executeKeywordForPlatform(KeywordExecutor.groovy:72)
	at com.kms.katalon.core.mobile.keyword.MobileBuiltInKeywords.tap(MobileBuiltInKeywords.groovy:577)
	at com.kms.katalon.core.mobile.keyword.MobileBuiltInKeywords$tap$1.call(Unknown Source)
	at TS001_Case5_openDoneTask.run(TS001_Case5_openDoneTask:31)
	at com.kms.katalon.core.main.ScriptEngine.run(ScriptEngine.java:194)
	at com.kms.katalon.core.main.ScriptEngine.runScriptAsRawText(ScriptEngine.java:119)
	at com.kms.katalon.core.main.TestCaseExecutor.runScript(TestCaseExecutor.java:337)
	at com.kms.katalon.core.main.TestCaseExecutor.doExecute(TestCaseExecutor.java:328)
	at com.kms.katalon.core.main.TestCaseExecutor.processExecutionPhase(TestCaseExecutor.java:307)
	at com.kms.katalon.core.main.TestCaseExecutor.accessMainPhase(TestCaseExecutor.java:299)
	at com.kms.katalon.core.main.TestCaseExecutor.execute(TestCaseExecutor.java:233)
	at com.kms.katalon.core.main.TestSuiteExecutor.accessTestCaseMainPhase(TestSuiteExecutor.java:169)
	at com.kms.katalon.core.main.TestSuiteExecutor.accessTestSuiteMainPhase(TestSuiteExecutor.java:142)
	at com.kms.katalon.core.main.TestSuiteExecutor.execute(TestSuiteExecutor.java:91)
	at com.kms.katalon.core.main.TestCaseMain.startTestSuite(TestCaseMain.java:157)
	at com.kms.katalon.core.main.TestCaseMain$startTestSuite$0.call(Unknown Source)
	at TempTestSuite1596533140721.run(TempTestSuite1596533140721.groovy:37)
)
[[ATTACHMENT|/Users/blezel/Katalon Studio/Todo_Application/Reports/20200804_172530/TS001_Android_Phase1/20200804_172530/1596533235500.png]]]]></system-out>
         <system-err><![CDATA[2020-08-04 17:27:02 - [TEST_CASE][FAILED] - Test Cases/TS001_Case5_openDoneTask: Test Cases/TS001_Case5_openDoneTask FAILED.
Reason:
com.kms.katalon.core.exception.StepFailedException: Object Object Repository/TodoList/doneTodoinDoneTab not found
	at com.kms.katalon.core.keyword.internal.KeywordMain.stepFailed(KeywordMain.groovy:50)
	at com.kms.katalon.core.mobile.keyword.internal.MobileKeywordMain.stepFailed(MobileKeywordMain.groovy:40)
	at com.kms.katalon.core.mobile.keyword.builtin.TapKeyword$_tap_closure1.doCall(TapKeyword.groovy:79)
	at com.kms.katalon.core.mobile.keyword.builtin.TapKeyword$_tap_closure1.call(TapKeyword.groovy)
	at com.kms.katalon.core.mobile.keyword.internal.MobileKeywordMain.runKeyword(MobileKeywordMain.groovy:21)
	at com.kms.katalon.core.mobile.keyword.builtin.TapKeyword.tap(TapKeyword.groovy:86)
	at com.kms.katalon.core.mobile.keyword.builtin.TapKeyword.execute(TapKeyword.groovy:68)
	at com.kms.katalon.core.keyword.internal.KeywordExecutor.executeKeywordForPlatform(KeywordExecutor.groovy:72)
	at com.kms.katalon.core.mobile.keyword.MobileBuiltInKeywords.tap(MobileBuiltInKeywords.groovy:577)
	at com.kms.katalon.core.mobile.keyword.MobileBuiltInKeywords$tap$1.call(Unknown Source)
	at TS001_Case5_openDoneTask.run(TS001_Case5_openDoneTask:31)
	at com.kms.katalon.core.main.ScriptEngine.run(ScriptEngine.java:194)
	at com.kms.katalon.core.main.ScriptEngine.runScriptAsRawText(ScriptEngine.java:119)
	at com.kms.katalon.core.main.TestCaseExecutor.runScript(TestCaseExecutor.java:337)
	at com.kms.katalon.core.main.TestCaseExecutor.doExecute(TestCaseExecutor.java:328)
	at com.kms.katalon.core.main.TestCaseExecutor.processExecutionPhase(TestCaseExecutor.java:307)
	at com.kms.katalon.core.main.TestCaseExecutor.accessMainPhase(TestCaseExecutor.java:299)
	at com.kms.katalon.core.main.TestCaseExecutor.execute(TestCaseExecutor.java:233)
	at com.kms.katalon.core.main.TestSuiteExecutor.accessTestCaseMainPhase(TestSuiteExecutor.java:169)
	at com.kms.katalon.core.main.TestSuiteExecutor.accessTestSuiteMainPhase(TestSuiteExecutor.java:142)
	at com.kms.katalon.core.main.TestSuiteExecutor.execute(TestSuiteExecutor.java:91)
	at com.kms.katalon.core.main.TestCaseMain.startTestSuite(TestCaseMain.java:157)
	at com.kms.katalon.core.main.TestCaseMain$startTestSuite$0.call(Unknown Source)
	at TempTestSuite1596533140721.run(TempTestSuite1596533140721.groovy:37)]]></system-err>
      </testcase>
      <testcase name="Test Cases/TS001_Case6_logoutAccount" time="7.781" classname="Test Cases/TS001_Case6_logoutAccount" status="PASSED">
         <system-out><![CDATA[2020-08-04 17:27:15 - [TEST_CASE][PASSED] - Test Cases/TS001_Case6_logoutAccount: Test Cases/TS001_Case6_logoutAccount

2020-08-04 17:27:16 - [TEST_STEP][PASSED] - comment("Story: To verify the logout function"): Story: To verify the logout function

2020-08-04 17:27:16 - [MESSAGE][INFO] - Story: To verify the logout function

2020-08-04 17:27:16 - [TEST_STEP][PASSED] - tap(findTestObject("Object Repository/TodoList/profileIcon"), 10): Tapped on element 'Object Repository/TodoList/profileIcon'

2020-08-04 17:27:17 - [MESSAGE][PASSED] - Tapped on element 'Object Repository/TodoList/profileIcon'

2020-08-04 17:27:17 - [TEST_STEP][PASSED] - delay(5): Delayed 5 second(s)

2020-08-04 17:27:22 - [MESSAGE][PASSED] - Delayed 5 second(s)

2020-08-04 17:27:22 - [TEST_STEP][PASSED] - tap(findTestObject("Object Repository/TodoList/btnLogout"), 10): Tapped on element 'Object Repository/TodoList/btnLogout'

2020-08-04 17:27:23 - [MESSAGE][PASSED] - Tapped on element 'Object Repository/TodoList/btnLogout'

2020-08-04 17:27:23 - [TEST_STEP][PASSED] - verifyElementExist(findTestObject("LoginScreen/loginScreenTitleText"), 10): Element 'Object Repository/LoginScreen/loginScreenTitleText' is exist

2020-08-04 17:27:23 - [MESSAGE][PASSED] - Element 'Object Repository/LoginScreen/loginScreenTitleText' is exist

2020-08-04 17:27:23 - [TEST_STEP][PASSED] - comment("Successfully logs out the account"): Successfully logs out the account

2020-08-04 17:27:23 - [MESSAGE][INFO] - Successfully logs out the account]]></system-out>
         <system-err><![CDATA[]]></system-err>
      </testcase>
      <system-out><![CDATA[2020-08-04 17:25:48 - [TEST_SUITE][FAILED] - TS001_Android_Phase1: Test Cases/TS001_Case4_closeTask FAILED.
Reason:
com.kms.katalon.core.exception.StepFailedException: Object Object Repository/TodoList/doneTodo not found
	at com.kms.katalon.core.keyword.internal.KeywordMain.stepFailed(KeywordMain.groovy:50)
	at com.kms.katalon.core.mobile.keyword.internal.MobileKeywordMain.stepFailed(MobileKeywordMain.groovy:40)
	at com.kms.katalon.core.mobile.keyword.builtin.TapKeyword$_tap_closure1.doCall(TapKeyword.groovy:79)
	at com.kms.katalon.core.mobile.keyword.builtin.TapKeyword$_tap_closure1.call(TapKeyword.groovy)
	at com.kms.katalon.core.mobile.keyword.internal.MobileKeywordMain.runKeyword(MobileKeywordMain.groovy:21)
	at com.kms.katalon.core.mobile.keyword.builtin.TapKeyword.tap(TapKeyword.groovy:86)
	at com.kms.katalon.core.mobile.keyword.builtin.TapKeyword.execute(TapKeyword.groovy:68)
	at com.kms.katalon.core.keyword.internal.KeywordExecutor.executeKeywordForPlatform(KeywordExecutor.groovy:72)
	at com.kms.katalon.core.mobile.keyword.MobileBuiltInKeywords.tap(MobileBuiltInKeywords.groovy:577)
	at com.kms.katalon.core.mobile.keyword.MobileBuiltInKeywords$tap$1.call(Unknown Source)
	at TS001_Case4_closeTask.run(TS001_Case4_closeTask:30)
	at com.kms.katalon.core.main.ScriptEngine.run(ScriptEngine.java:194)
	at com.kms.katalon.core.main.ScriptEngine.runScriptAsRawText(ScriptEngine.java:119)
	at com.kms.katalon.core.main.TestCaseExecutor.runScript(TestCaseExecutor.java:337)
	at com.kms.katalon.core.main.TestCaseExecutor.doExecute(TestCaseExecutor.java:328)
	at com.kms.katalon.core.main.TestCaseExecutor.processExecutionPhase(TestCaseExecutor.java:307)
	at com.kms.katalon.core.main.TestCaseExecutor.accessMainPhase(TestCaseExecutor.java:299)
	at com.kms.katalon.core.main.TestCaseExecutor.execute(TestCaseExecutor.java:233)
	at com.kms.katalon.core.main.TestSuiteExecutor.accessTestCaseMainPhase(TestSuiteExecutor.java:169)
	at com.kms.katalon.core.main.TestSuiteExecutor.accessTestSuiteMainPhase(TestSuiteExecutor.java:142)
	at com.kms.katalon.core.main.TestSuiteExecutor.execute(TestSuiteExecutor.java:91)
	at com.kms.katalon.core.main.TestCaseMain.startTestSuite(TestCaseMain.java:157)
	at com.kms.katalon.core.main.TestCaseMain$startTestSuite$0.call(Unknown Source)
	at TempTestSuite1596533140721.run(TempTestSuite1596533140721.groovy:37)]]></system-out>
      <system-err><![CDATA[2020-08-04 17:25:48 - [TEST_SUITE][FAILED] - TS001_Android_Phase1: Test Cases/TS001_Case4_closeTask FAILED.
Reason:
com.kms.katalon.core.exception.StepFailedException: Object Object Repository/TodoList/doneTodo not found
	at com.kms.katalon.core.keyword.internal.KeywordMain.stepFailed(KeywordMain.groovy:50)
	at com.kms.katalon.core.mobile.keyword.internal.MobileKeywordMain.stepFailed(MobileKeywordMain.groovy:40)
	at com.kms.katalon.core.mobile.keyword.builtin.TapKeyword$_tap_closure1.doCall(TapKeyword.groovy:79)
	at com.kms.katalon.core.mobile.keyword.builtin.TapKeyword$_tap_closure1.call(TapKeyword.groovy)
	at com.kms.katalon.core.mobile.keyword.internal.MobileKeywordMain.runKeyword(MobileKeywordMain.groovy:21)
	at com.kms.katalon.core.mobile.keyword.builtin.TapKeyword.tap(TapKeyword.groovy:86)
	at com.kms.katalon.core.mobile.keyword.builtin.TapKeyword.execute(TapKeyword.groovy:68)
	at com.kms.katalon.core.keyword.internal.KeywordExecutor.executeKeywordForPlatform(KeywordExecutor.groovy:72)
	at com.kms.katalon.core.mobile.keyword.MobileBuiltInKeywords.tap(MobileBuiltInKeywords.groovy:577)
	at com.kms.katalon.core.mobile.keyword.MobileBuiltInKeywords$tap$1.call(Unknown Source)
	at TS001_Case4_closeTask.run(TS001_Case4_closeTask:30)
	at com.kms.katalon.core.main.ScriptEngine.run(ScriptEngine.java:194)
	at com.kms.katalon.core.main.ScriptEngine.runScriptAsRawText(ScriptEngine.java:119)
	at com.kms.katalon.core.main.TestCaseExecutor.runScript(TestCaseExecutor.java:337)
	at com.kms.katalon.core.main.TestCaseExecutor.doExecute(TestCaseExecutor.java:328)
	at com.kms.katalon.core.main.TestCaseExecutor.processExecutionPhase(TestCaseExecutor.java:307)
	at com.kms.katalon.core.main.TestCaseExecutor.accessMainPhase(TestCaseExecutor.java:299)
	at com.kms.katalon.core.main.TestCaseExecutor.execute(TestCaseExecutor.java:233)
	at com.kms.katalon.core.main.TestSuiteExecutor.accessTestCaseMainPhase(TestSuiteExecutor.java:169)
	at com.kms.katalon.core.main.TestSuiteExecutor.accessTestSuiteMainPhase(TestSuiteExecutor.java:142)
	at com.kms.katalon.core.main.TestSuiteExecutor.execute(TestSuiteExecutor.java:91)
	at com.kms.katalon.core.main.TestCaseMain.startTestSuite(TestCaseMain.java:157)
	at com.kms.katalon.core.main.TestCaseMain$startTestSuite$0.call(Unknown Source)
	at TempTestSuite1596533140721.run(TempTestSuite1596533140721.groovy:37)]]></system-err>
   </testsuite>
</testsuites>
